Arguments: 
  /usr/local/Cellar/node/9.4.0/bin/node /Users/weiwen/.yarn/bin/yarn.js add -g html-minifier

PATH: 
  /Users/weiwen/.yarn/bin:/Users/weiwen/.config/yarn/global/node_modules/.bin:/Users/weiwen/.cargo/bin:/usr/local/bin:/usr/bin:/bin:/usr/sbin:/sbin:/opt/X11/bin:/usr/local/share/dotnet:/usr/local/MacGPG2/bin:/Library/TeX/texbin:/Users/weiwen/.bin:/Users/weiwen/.yarn/bin:/Users/weiwen/.cargo/bin:/Users/weiwen/.go/bin:/usr/local/anaconda3/bin:/Users/weiwen/.local/bin:/Users/weiwen/Library/Android/sdk/tools:/usr/local/mysql/bin:/usr/local/texlive/2017/bin/x86_64-darwin/

Yarn version: 
  1.5.1

Node version: 
  9.4.0

Platform: 
  darwin x64

npm manifest: 
  No manifest

yarn manifest: 
  No manifest

Lockfile: 
  No lockfile

Trace: 
  Error: Missing list of packages to add to your project.
      at new MessageError (/Users/weiwen/.yarn/lib/cli.js:186:110)
      at Object.<anonymous> (/Users/weiwen/.yarn/lib/cli.js:40587:13)
      at Generator.next (<anonymous>)
      at step (/Users/weiwen/.yarn/lib/cli.js:98:30)
      at /Users/weiwen/.yarn/lib/cli.js:116:14
      at new Promise (<anonymous>)
      at new F (/Users/weiwen/.yarn/lib/cli.js:23451:28)
      at Object.<anonymous> (/Users/weiwen/.yarn/lib/cli.js:95:12)
      at Object.run (/Users/weiwen/.yarn/lib/cli.js:40599:19)
      at run (/Users/weiwen/.yarn/lib/cli.js:89113:20)
